Build started 13/09/2018 4:16:50 PM.
     1>Project "C:\Users\bkhalid.bscs16seecs\Documents\GitHub\MatrixClient\MatrixLib\MatrixLib.vcxproj" on node 2 (Build target(s)).
     1>ClCompile:
         C:\Program Files (x86)\Microsoft Visual Studio 12.0\VC\bin\CL.exe /c /AI"C:\Program Files (x86)\Reference Assemblies\Microsoft\Framework\.NETFramework\v4.5\\" /AI"C:\Program Files (x86)\Windows Kits\8.1\References\CommonConfiguration\Neutral" /AI"C:\Program Files (x86)\Reference Assemblies\Microsoft\Framework\.NETFramework\v4.5\Facades\\" /Zi /clr /nologo /W3 /WX- /Od /Oy- /D WIN32 /D _DEBUG /D _WINDLL /D _UNICODE /D UNICODE /EHa /MDd /GS /fp:precise /Zc:wchar_t /Zc:forScope /Fo"Debug\\" /Fd"Debug\vc120.pdb" /TP /FU"C:\Program Files (x86)\Reference Assemblies\Microsoft\Framework\.NETFramework\v4.5\mscorlib.dll" /FU"C:\Program Files (x86)\Reference Assemblies\Microsoft\Framework\.NETFramework\v4.5\System.Data.dll" /FU"C:\Program Files (x86)\Reference Assemblies\Microsoft\Framework\.NETFramework\v4.5\System.dll" /FU"C:\Program Files (x86)\Reference Assemblies\Microsoft\Framework\.NETFramework\v4.5\System.Xml.dll" /analyze- /errorReport:prompt /clr:nostdlib MatrixAddSub.cpp
         MatrixAddSub.cpp
       Link:
         C:\Program Files (x86)\Microsoft Visual Studio 12.0\VC\bin\link.exe /ERRORREPORT:PROMPT /OUT:"C:\Users\bkhalid.bscs16seecs\Documents\GitHub\MatrixClient\Debug\MatrixLib.dll" /INCREMENTAL /NOLOGO /MANIFEST /MANIFESTUAC:"level='asInvoker' uiAccess='false'" /manifest:embed /DEBUG /PDB:"C:\Users\bkhalid.bscs16seecs\Documents\GitHub\MatrixClient\Debug\MatrixLib.pdb" /ASSEMBLYDEBUG /TLBID:1 /DYNAMICBASE /FIXED:NO /NXCOMPAT /MACHINE:X86 /DLL Debug\app.res
         Debug\MatrixAddSub.obj
         Debug\MatrixInverse.obj
         Debug\MatrixLib.obj
         Debug\MatrixMultiplication.obj
         "Debug\.NETFramework,Version=v4.5.AssemblyAttributes.obj"
     1>MatrixLib.obj : error LNK2020: unresolved token (06000001) MatrixLib.MatrixMultiplication::mutiply
     1>MatrixAddSub.obj : error LNK2020: unresolved token (06000001) MatrixLib.MatrixMultiplication::mutiply
     1>MatrixLib.obj : error LNK2020: unresolved token (06000003) MatrixLib.MatrixTranspose::tranpose
     1>MatrixAddSub.obj : error LNK2020: unresolved token (06000003) MatrixLib.MatrixTranspose::tranpose
     1>C:\Users\bkhalid.bscs16seecs\Documents\GitHub\MatrixClient\Debug\MatrixLib.dll : fatal error LNK1120: 4 unresolved externals
     1>Done Building Project "C:\Users\bkhalid.bscs16seecs\Documents\GitHub\MatrixClient\MatrixLib\MatrixLib.vcxproj" (Build target(s)) -- FAILED.

Build FAILED.

Time Elapsed 00:00:02.23
